0 info it worked if it ends with ok
1 verbose cli [ '/usr/local/bin/node',
1 verbose cli   '/usr/local/bin/npm',
1 verbose cli   'install',
1 verbose cli   'request@2.6.0.0',
1 verbose cli   '--save' ]
2 info using npm@2.15.1
3 info using node@v4.4.4
4 verbose install initial load of /Users/erickabalanzategui/Documents/async/package.json
5 warn package.json async@1.0.0 No description
6 warn package.json async@1.0.0 No repository field.
7 warn package.json async@1.0.0 No README data
8 verbose readDependencies loading dependencies from /Users/erickabalanzategui/Documents/async/package.json
9 silly cache add args [ 'request@2.6.0.0', null ]
10 verbose cache add spec request@2.6.0.0
11 silly cache add parsed spec Result {
11 silly cache add   raw: 'request@2.6.0.0',
11 silly cache add   scope: null,
11 silly cache add   name: 'request',
11 silly cache add   rawSpec: '2.6.0.0',
11 silly cache add   spec: '2.6.0.0',
11 silly cache add   type: 'tag' }
12 silly addNamed request@2.6.0.0
13 verbose addNamed "2.6.0.0" is being treated as a dist-tag for request
14 info addNameTag [ 'request', '2.6.0.0' ]
15 silly mapToRegistry name request
16 silly mapToRegistry using default registry
17 silly mapToRegistry registry https://registry.npmjs.org/
18 silly mapToRegistry data Result {
18 silly mapToRegistry   raw: 'request',
18 silly mapToRegistry   scope: null,
18 silly mapToRegistry   name: 'request',
18 silly mapToRegistry   rawSpec: '',
18 silly mapToRegistry   spec: 'latest',
18 silly mapToRegistry   type: 'tag' }
19 silly mapToRegistry uri https://registry.npmjs.org/request
20 verbose addNameTag registry:https://registry.npmjs.org/request not in flight; fetching
21 verbose request uri https://registry.npmjs.org/request
22 verbose request no auth needed
23 info attempt registry request try #1 at 11:00:02 PM
24 verbose request id e2afb5341b20491d
25 http request GET https://registry.npmjs.org/request
26 http 200 https://registry.npmjs.org/request
27 verbose headers { server: 'CouchDB/1.5.0 (Erlang OTP/R16B03)',
27 verbose headers   etag: '"D3WGO4V123T22FNYOTUGMUBYS"',
27 verbose headers   'content-type': 'application/json',
27 verbose headers   'content-encoding': 'gzip',
27 verbose headers   'cache-control': 'max-age=300',
27 verbose headers   'content-length': '35954',
27 verbose headers   'accept-ranges': 'bytes',
27 verbose headers   date: 'Sun, 29 May 2016 03:00:00 GMT',
27 verbose headers   via: '1.1 varnish',
27 verbose headers   age: '245',
27 verbose headers   connection: 'keep-alive',
27 verbose headers   'x-served-by': 'cache-jfk1026-JFK',
27 verbose headers   'x-cache': 'HIT',
27 verbose headers   'x-cache-hits': '4',
27 verbose headers   'x-timer': 'S1464490800.925899,VS0,VE0',
27 verbose headers   vary: 'Accept-Encoding' }
28 silly get cb [ 200,
28 silly get   { server: 'CouchDB/1.5.0 (Erlang OTP/R16B03)',
28 silly get     etag: '"D3WGO4V123T22FNYOTUGMUBYS"',
28 silly get     'content-type': 'application/json',
28 silly get     'content-encoding': 'gzip',
28 silly get     'cache-control': 'max-age=300',
28 silly get     'content-length': '35954',
28 silly get     'accept-ranges': 'bytes',
28 silly get     date: 'Sun, 29 May 2016 03:00:00 GMT',
28 silly get     via: '1.1 varnish',
28 silly get     age: '245',
28 silly get     connection: 'keep-alive',
28 silly get     'x-served-by': 'cache-jfk1026-JFK',
28 silly get     'x-cache': 'HIT',
28 silly get     'x-cache-hits': '4',
28 silly get     'x-timer': 'S1464490800.925899,VS0,VE0',
28 silly get     vary: 'Accept-Encoding' } ]
29 verbose get saving request to /Users/erickabalanzategui/.npm/registry.npmjs.org/request/.cache.json
30 verbose correctMkdir /Users/erickabalanzategui/.npm correctMkdir not in flight; initializing
31 silly addNameTag next cb for request with tag 2.6.0.0
32 verbose stack Error: No compatible version found: request@'2.6.0.0'
32 verbose stack Valid install targets:
32 verbose stack ["0.10.0","0.8.3","0.9.0","0.9.1","0.9.5","1.0.0","1.1.0","1.1.1","1.2.0","1.9.0","1.9.1","1.9.2","1.9.3","1.9.5","1.9.7","1.9.8","1.9.9","2.0.0","2.0.1","2.0.2","2.0.3","2.0.4","2.0.5","2.1.0","2.1.1","2.2.0","2.2.5","2.2.6","2.2.9","2.9.0","2.9.1","2.9.2","2.9.3","2.9.100","2.9.150","2.9.151","2.9.152","2.9.153","2.9.200","2.9.201","2.9.202","2.9.203","2.10.0","2.11.0","2.11.1","2.11.2","2.11.3","2.11.4","2.12.0","2.14.0","2.16.0","2.16.2","2.16.4","2.16.6","2.18.0","2.19.0","2.20.0","2.21.0","2.22.0","2.23.0","2.24.0","2.25.0","2.26.0","2.27.0","2.28.0","2.29.0","2.30.0","2.31.0","2.32.0","2.33.0","2.34.0","2.35.0","2.36.0","2.37.0","2.38.0","2.39.0","2.40.0","2.41.0","2.42.0","2.43.0","2.44.0","2.45.0","2.46.0","2.47.0","2.48.0","2.49.0","2.50.0","2.51.0","2.52.0","2.53.0","2.54.0","2.55.0","2.56.0","2.57.0","2.58.0","2.59.0","2.60.0","2.61.0","2.62.0","2.63.0","2.64.0","2.65.0","2.66.0","2.67.0","2.68.0","2.69.0","2.70.0","2.71.0","2.72.0"]
32 verbose stack
32 verbose stack     at installTargetsError (/usr/local/lib/node_modules/npm/lib/cache/add-named.js:284:12)
32 verbose stack     at next (/usr/local/lib/node_modules/npm/lib/cache/add-named.js:94:10)
32 verbose stack     at RES (/usr/local/lib/node_modules/npm/node_modules/inflight/inflight.js:23:14)
32 verbose stack     at f (/usr/local/lib/node_modules/npm/node_modules/once/once.js:17:25)
32 verbose stack     at fixName (/usr/local/lib/node_modules/npm/lib/cache/add-named.js:29:5)
32 verbose stack     at saved (/usr/local/lib/node_modules/npm/lib/cache/caching-client.js:173:7)
32 verbose stack     at /usr/local/lib/node_modules/npm/node_modules/graceful-fs/polyfills.js:210:7
32 verbose stack     at FSReqWrap.oncomplete (fs.js:82:15)
33 verbose cwd /Users/erickabalanzategui/Documents/async
34 error Darwin 15.5.0
35 error argv "/usr/local/bin/node" "/usr/local/bin/npm" "install" "request@2.6.0.0" "--save"
36 error node v4.4.4
37 error npm  v2.15.1
38 error code ETARGET
39 error notarget No compatible version found: request@'2.6.0.0'
39 error notarget Valid install targets:
39 error notarget ["0.10.0","0.8.3","0.9.0","0.9.1","0.9.5","1.0.0","1.1.0","1.1.1","1.2.0","1.9.0","1.9.1","1.9.2","1.9.3","1.9.5","1.9.7","1.9.8","1.9.9","2.0.0","2.0.1","2.0.2","2.0.3","2.0.4","2.0.5","2.1.0","2.1.1","2.2.0","2.2.5","2.2.6","2.2.9","2.9.0","2.9.1","2.9.2","2.9.3","2.9.100","2.9.150","2.9.151","2.9.152","2.9.153","2.9.200","2.9.201","2.9.202","2.9.203","2.10.0","2.11.0","2.11.1","2.11.2","2.11.3","2.11.4","2.12.0","2.14.0","2.16.0","2.16.2","2.16.4","2.16.6","2.18.0","2.19.0","2.20.0","2.21.0","2.22.0","2.23.0","2.24.0","2.25.0","2.26.0","2.27.0","2.28.0","2.29.0","2.30.0","2.31.0","2.32.0","2.33.0","2.34.0","2.35.0","2.36.0","2.37.0","2.38.0","2.39.0","2.40.0","2.41.0","2.42.0","2.43.0","2.44.0","2.45.0","2.46.0","2.47.0","2.48.0","2.49.0","2.50.0","2.51.0","2.52.0","2.53.0","2.54.0","2.55.0","2.56.0","2.57.0","2.58.0","2.59.0","2.60.0","2.61.0","2.62.0","2.63.0","2.64.0","2.65.0","2.66.0","2.67.0","2.68.0","2.69.0","2.70.0","2.71.0","2.72.0"]
39 error notarget
39 error notarget This is most likely not a problem with npm itself.
39 error notarget In most cases you or one of your dependencies are requesting
39 error notarget a package version that doesn't exist.
39 error notarget
39 error notarget It was specified as a dependency of 'async'
40 verbose exit [ 1, true ]
